2023-10-05 12:45:16,037 [1] INFO  - Loaded appender: FileAppenderInternal
2023-10-05 12:45:16,044 [1] INFO  - Loaded appender: FileAppenderExternal
2023-10-05 12:45:16,045 [1] INFO  - Loaded appender: UserLoggerAppender
2023-10-05 12:45:16,045 [1] INFO  - Loaded appender: FileAppenderInternal
2023-10-05 12:45:16,046 [1] INFO  - Loaded appender: FileAppenderExternal
2023-10-05 12:45:16,046 [1] INFO  - Loaded appender: UserLoggerAppender
2023-10-05 12:45:16,407 [8] INFO  - Step 'Start' : Step 'Start' started
2023-10-05 12:45:16,433 [8] INFO  - Step 'Start' ended successfully
2023-10-05 12:45:16,435 [8] INFO  - Step 'Test Flow' : Step 'Test Flow' started
2023-10-05 12:45:16,658 [8] INFO  - Step 'Iteration 1' : Step 'Iteration 1' started
2023-10-05 12:45:16,659 [8] INFO  - Step 'ReserveOrder' : Step 'ReserveOrder' started
2023-10-05 12:45:16,678 [8] INFO  - Step 'ReserveOrder' : Fetching HTTP Url: 'http://localhost:8000/Flights_REST/FlightOrders'
2023-10-05 12:45:16,741 [8] INFO  - Step 'ReserveOrder' : Server returned status code: 200
2023-10-05 12:45:16,743 [8] INFO  - Step 'ReserveOrder' : HTTP Raw request:
2023-10-05 12:45:16,744 [8] INFO  - Step 'ReserveOrder' : POST http://localhost:8000/Flights_REST/FlightOrders 1.1
Content-Type: text/xml
Host: localhost:8000
Content-Length: 261
<FlightOrderDetails xmlns="HP.SOAQ.SampleApp">
  <Class>Economy</Class>
  <CustomerName>Ann Frank</CustomerName>
  <DepartureDate>2115-06-01</DepartureDate>
  <FlightNumber>1089</FlightNumber>
  <NumberOfTickets>3</NumberOfTickets>
  </FlightOrderDetails>

2023-10-05 12:45:16,746 [8] INFO  - Step 'ReserveOrder' : HTTP Raw response:
2023-10-05 12:45:16,747 [8] INFO  - Step 'ReserveOrder' : HTTP/1.1 200 OK
Content-Length: 180
Content-Type: text/xml; charset=utf-8
Date: Thu, 05 Oct 2023 07:15:16 GMT
Server: Microsoft-HTTPAPI/2.0
<CreatedOrderParams xmlns="HP.SOAQ.SampleApp" xmlns:i="http://www.w3.org/2001/XMLSchema-instance"><OrderNumber>231</OrderNumber><TotalPrice>1767.6</TotalPrice></CreatedOrderParams>
2023-10-05 12:45:16,752 [8] INFO  - Step 'ReserveOrder' ended successfully
2023-10-05 12:45:16,755 [8] INFO  - Step 'Iteration 1' ended successfully
2023-10-05 12:45:16,758 [8] INFO  - Step 'Iteration 2' : Step 'Iteration 2' started
2023-10-05 12:45:16,759 [8] INFO  - Step 'ReserveOrder' : Step 'ReserveOrder' started
2023-10-05 12:45:16,761 [8] INFO  - Step 'ReserveOrder' : Fetching HTTP Url: 'http://localhost:8000/Flights_REST/FlightOrders'
2023-10-05 12:45:16,771 [8] INFO  - Step 'ReserveOrder' : Server returned status code: 200
2023-10-05 12:45:16,773 [8] INFO  - Step 'ReserveOrder' : HTTP Raw request:
2023-10-05 12:45:16,775 [8] INFO  - Step 'ReserveOrder' : POST http://localhost:8000/Flights_REST/FlightOrders 1.1
Content-Type: text/xml
Host: localhost:8000
Content-Length: 264
<FlightOrderDetails xmlns="HP.SOAQ.SampleApp">
  <Class>Business</Class>
  <CustomerName>John Parker</CustomerName>
  <DepartureDate>2115-02-28</DepartureDate>
  <FlightNumber>3233</FlightNumber>
  <NumberOfTickets>1</NumberOfTickets>
  </FlightOrderDetails>

2023-10-05 12:45:16,776 [8] INFO  - Step 'ReserveOrder' : HTTP Raw response:
2023-10-05 12:45:16,777 [8] INFO  - Step 'ReserveOrder' : HTTP/1.1 200 OK
Content-Length: 179
Content-Type: text/xml; charset=utf-8
Date: Thu, 05 Oct 2023 07:15:16 GMT
Server: Microsoft-HTTPAPI/2.0
<CreatedOrderParams xmlns="HP.SOAQ.SampleApp" xmlns:i="http://www.w3.org/2001/XMLSchema-instance"><OrderNumber>232</OrderNumber><TotalPrice>332.4</TotalPrice></CreatedOrderParams>
2023-10-05 12:45:16,779 [8] INFO  - Step 'ReserveOrder' ended successfully
2023-10-05 12:45:16,780 [8] INFO  - Step 'Iteration 2' ended successfully
2023-10-05 12:45:16,782 [8] INFO  - Step 'Iteration 3' : Step 'Iteration 3' started
2023-10-05 12:45:16,784 [8] INFO  - Step 'ReserveOrder' : Step 'ReserveOrder' started
2023-10-05 12:45:16,786 [8] INFO  - Step 'ReserveOrder' : Fetching HTTP Url: 'http://localhost:8000/Flights_REST/FlightOrders'
2023-10-05 12:45:16,799 [8] INFO  - Step 'ReserveOrder' : Server returned status code: 200
2023-10-05 12:45:16,801 [8] INFO  - Step 'ReserveOrder' : HTTP Raw request:
2023-10-05 12:45:16,803 [8] INFO  - Step 'ReserveOrder' : POST http://localhost:8000/Flights_REST/FlightOrders 1.1
Content-Type: text/xml
Host: localhost:8000
Content-Length: 263
<FlightOrderDetails xmlns="HP.SOAQ.SampleApp">
  <Class>Business</Class>
  <CustomerName>Dan Brown </CustomerName>
  <DepartureDate>2115-05-30</DepartureDate>
  <FlightNumber>6232</FlightNumber>
  <NumberOfTickets>2</NumberOfTickets>
  </FlightOrderDetails>

2023-10-05 12:45:16,804 [8] INFO  - Step 'ReserveOrder' : HTTP Raw response:
2023-10-05 12:45:16,805 [8] INFO  - Step 'ReserveOrder' : HTTP/1.1 200 OK
Content-Length: 177
Content-Type: text/xml; charset=utf-8
Date: Thu, 05 Oct 2023 07:15:16 GMT
Server: Microsoft-HTTPAPI/2.0
<CreatedOrderParams xmlns="HP.SOAQ.SampleApp" xmlns:i="http://www.w3.org/2001/XMLSchema-instance"><OrderNumber>233</OrderNumber><TotalPrice>416</TotalPrice></CreatedOrderParams>
2023-10-05 12:45:16,807 [8] INFO  - Step 'ReserveOrder' ended successfully
2023-10-05 12:45:16,809 [8] INFO  - Step 'Iteration 3' ended successfully
2023-10-05 12:45:16,810 [8] INFO  - Step 'Iteration 4' : Step 'Iteration 4' started
2023-10-05 12:45:16,812 [8] INFO  - Step 'ReserveOrder' : Step 'ReserveOrder' started
2023-10-05 12:45:16,814 [8] INFO  - Step 'ReserveOrder' : Fetching HTTP Url: 'http://localhost:8000/Flights_REST/FlightOrders'
2023-10-05 12:45:16,824 [8] INFO  - Step 'ReserveOrder' : Server returned status code: 200
2023-10-05 12:45:16,826 [8] INFO  - Step 'ReserveOrder' : HTTP Raw request:
2023-10-05 12:45:16,828 [8] INFO  - Step 'ReserveOrder' : POST http://localhost:8000/Flights_REST/FlightOrders 1.1
Content-Type: text/xml
Host: localhost:8000
Content-Length: 264
<FlightOrderDetails xmlns="HP.SOAQ.SampleApp">
  <Class>Business</Class>
  <CustomerName>Kate Brooks</CustomerName>
  <DepartureDate>2115-05-29</DepartureDate>
  <FlightNumber>2220</FlightNumber>
  <NumberOfTickets>1</NumberOfTickets>
  </FlightOrderDetails>

2023-10-05 12:45:16,829 [8] INFO  - Step 'ReserveOrder' : HTTP Raw response:
2023-10-05 12:45:16,830 [8] INFO  - Step 'ReserveOrder' : HTTP/1.1 200 OK
Content-Length: 179
Content-Type: text/xml; charset=utf-8
Date: Thu, 05 Oct 2023 07:15:16 GMT
Server: Microsoft-HTTPAPI/2.0
<CreatedOrderParams xmlns="HP.SOAQ.SampleApp" xmlns:i="http://www.w3.org/2001/XMLSchema-instance"><OrderNumber>234</OrderNumber><TotalPrice>507.2</TotalPrice></CreatedOrderParams>
2023-10-05 12:45:16,832 [8] INFO  - Step 'ReserveOrder' ended successfully
2023-10-05 12:45:16,834 [8] INFO  - Step 'Iteration 4' ended successfully
2023-10-05 12:45:16,836 [8] INFO  - Step 'Iteration 5' : Step 'Iteration 5' started
2023-10-05 12:45:16,837 [8] INFO  - Step 'ReserveOrder' : Step 'ReserveOrder' started
2023-10-05 12:45:16,839 [8] INFO  - Step 'ReserveOrder' : Fetching HTTP Url: 'http://localhost:8000/Flights_REST/FlightOrders'
2023-10-05 12:45:16,849 [8] INFO  - Step 'ReserveOrder' : Server returned status code: 200
2023-10-05 12:45:16,850 [8] INFO  - Step 'ReserveOrder' : HTTP Raw request:
2023-10-05 12:45:16,852 [8] INFO  - Step 'ReserveOrder' : POST http://localhost:8000/Flights_REST/FlightOrders 1.1
Content-Type: text/xml
Host: localhost:8000
Content-Length: 265
<FlightOrderDetails xmlns="HP.SOAQ.SampleApp">
  <Class>Economy</Class>
  <CustomerName>Frank Brosnan</CustomerName>
  <DepartureDate>2115-09-30</DepartureDate>
  <FlightNumber>3294</FlightNumber>
  <NumberOfTickets>1</NumberOfTickets>
  </FlightOrderDetails>

2023-10-05 12:45:16,854 [8] INFO  - Step 'ReserveOrder' : HTTP Raw response:
2023-10-05 12:45:16,855 [8] INFO  - Step 'ReserveOrder' : HTTP/1.1 200 OK
Content-Length: 184
Content-Type: text/xml; charset=utf-8
Date: Thu, 05 Oct 2023 07:15:16 GMT
Server: Microsoft-HTTPAPI/2.0
<CreatedOrderParams xmlns="HP.SOAQ.SampleApp" xmlns:i="http://www.w3.org/2001/XMLSchema-instance"><OrderNumber>235</OrderNumber><TotalPrice>520.410034</TotalPrice></CreatedOrderParams>
2023-10-05 12:45:16,858 [8] INFO  - Step 'ReserveOrder' ended successfully
2023-10-05 12:45:16,859 [8] INFO  - Step 'Iteration 5' ended successfully
2023-10-05 12:45:16,861 [8] INFO  - Step 'Iteration 6' : Step 'Iteration 6' started
2023-10-05 12:45:16,863 [8] INFO  - Step 'ReserveOrder' : Step 'ReserveOrder' started
2023-10-05 12:45:16,865 [8] INFO  - Step 'ReserveOrder' : Fetching HTTP Url: 'http://localhost:8000/Flights_REST/FlightOrders'
2023-10-05 12:45:16,874 [8] INFO  - Step 'ReserveOrder' : Server returned status code: 200
2023-10-05 12:45:16,876 [8] INFO  - Step 'ReserveOrder' : HTTP Raw request:
2023-10-05 12:45:16,877 [8] INFO  - Step 'ReserveOrder' : POST http://localhost:8000/Flights_REST/FlightOrders 1.1
Content-Type: text/xml
Host: localhost:8000
Content-Length: 267
<FlightOrderDetails xmlns="HP.SOAQ.SampleApp">
  <Class>Business</Class>
  <CustomerName>Joe Nicholson</CustomerName>
  <DepartureDate>2115-05-28</DepartureDate>
  <FlightNumber>13495</FlightNumber>
  <NumberOfTickets>2</NumberOfTickets>
  </FlightOrderDetails>

2023-10-05 12:45:16,878 [8] INFO  - Step 'ReserveOrder' : HTTP Raw response:
2023-10-05 12:45:16,879 [8] INFO  - Step 'ReserveOrder' : HTTP/1.1 200 OK
Content-Length: 179
Content-Type: text/xml; charset=utf-8
Date: Thu, 05 Oct 2023 07:15:16 GMT
Server: Microsoft-HTTPAPI/2.0
<CreatedOrderParams xmlns="HP.SOAQ.SampleApp" xmlns:i="http://www.w3.org/2001/XMLSchema-instance"><OrderNumber>236</OrderNumber><TotalPrice>654.8</TotalPrice></CreatedOrderParams>
2023-10-05 12:45:16,881 [8] INFO  - Step 'ReserveOrder' ended successfully
2023-10-05 12:45:16,883 [8] INFO  - Step 'Iteration 6' ended successfully
2023-10-05 12:45:16,885 [8] INFO  - Step 'Iteration 7' : Step 'Iteration 7' started
2023-10-05 12:45:16,887 [8] INFO  - Step 'ReserveOrder' : Step 'ReserveOrder' started
2023-10-05 12:45:16,889 [8] INFO  - Step 'ReserveOrder' : Fetching HTTP Url: 'http://localhost:8000/Flights_REST/FlightOrders'
2023-10-05 12:45:16,899 [8] INFO  - Step 'ReserveOrder' : Server returned status code: 200
2023-10-05 12:45:16,901 [8] INFO  - Step 'ReserveOrder' : HTTP Raw request:
2023-10-05 12:45:16,903 [8] INFO  - Step 'ReserveOrder' : POST http://localhost:8000/Flights_REST/FlightOrders 1.1
Content-Type: text/xml
Host: localhost:8000
Content-Length: 268
<FlightOrderDetails xmlns="HP.SOAQ.SampleApp">
  <Class>Economy</Class>
  <CustomerName>Samuel Goldberg</CustomerName>
  <DepartureDate>2115-05-26</DepartureDate>
  <FlightNumber>20331</FlightNumber>
  <NumberOfTickets>1</NumberOfTickets>
  </FlightOrderDetails>

2023-10-05 12:45:16,910 [8] INFO  - Step 'ReserveOrder' : HTTP Raw response:
2023-10-05 12:45:16,912 [8] INFO  - Step 'ReserveOrder' : HTTP/1.1 200 OK
Content-Length: 184
Content-Type: text/xml; charset=utf-8
Date: Thu, 05 Oct 2023 07:15:16 GMT
Server: Microsoft-HTTPAPI/2.0
<CreatedOrderParams xmlns="HP.SOAQ.SampleApp" xmlns:i="http://www.w3.org/2001/XMLSchema-instance"><OrderNumber>237</OrderNumber><TotalPrice>336.599976</TotalPrice></CreatedOrderParams>
2023-10-05 12:45:16,914 [8] INFO  - Step 'ReserveOrder' ended successfully
2023-10-05 12:45:16,915 [8] INFO  - Step 'Iteration 7' ended successfully
2023-10-05 12:45:16,916 [8] INFO  - Step 'Iteration 8' : Step 'Iteration 8' started
2023-10-05 12:45:16,917 [8] INFO  - Step 'ReserveOrder' : Step 'ReserveOrder' started
2023-10-05 12:45:16,919 [8] INFO  - Step 'ReserveOrder' : Fetching HTTP Url: 'http://localhost:8000/Flights_REST/FlightOrders'
2023-10-05 12:45:16,929 [8] INFO  - Step 'ReserveOrder' : Server returned status code: 200
2023-10-05 12:45:16,930 [8] INFO  - Step 'ReserveOrder' : HTTP Raw request:
2023-10-05 12:45:16,931 [8] INFO  - Step 'ReserveOrder' : POST http://localhost:8000/Flights_REST/FlightOrders 1.1
Content-Type: text/xml
Host: localhost:8000
Content-Length: 271
<FlightOrderDetails xmlns="HP.SOAQ.SampleApp">
  <Class>Business</Class>
  <CustomerName>Joseph Birmington</CustomerName>
  <DepartureDate>2115-05-28</DepartureDate>
  <FlightNumber>17087</FlightNumber>
  <NumberOfTickets>3</NumberOfTickets>
  </FlightOrderDetails>

2023-10-05 12:45:16,932 [8] INFO  - Step 'ReserveOrder' : HTTP Raw response:
2023-10-05 12:45:16,933 [8] INFO  - Step 'ReserveOrder' : HTTP/1.1 200 OK
Content-Length: 180
Content-Type: text/xml; charset=utf-8
Date: Thu, 05 Oct 2023 07:15:16 GMT
Server: Microsoft-HTTPAPI/2.0
<CreatedOrderParams xmlns="HP.SOAQ.SampleApp" xmlns:i="http://www.w3.org/2001/XMLSchema-instance"><OrderNumber>238</OrderNumber><TotalPrice>728.82</TotalPrice></CreatedOrderParams>
2023-10-05 12:45:16,935 [8] INFO  - Step 'ReserveOrder' ended successfully
2023-10-05 12:45:16,936 [8] INFO  - Step 'Iteration 8' ended successfully
2023-10-05 12:45:16,938 [8] INFO  - Step 'Test Flow' ended successfully
2023-10-05 12:45:17,209 [8] INFO  - Step 'End' : Step 'End' started
2023-10-05 12:45:17,219 [8] INFO  - Step 'End' ended successfully
